{
  "RSpec": {
    "coverage": {
      "/Users/sam/Documents/projects/dogejack/config/environment.rb": [
        null,
        1,
        null,
        null,
        1
      ],
      "/Users/sam/Documents/projects/dogejack/config/application.rb": [
        1,
        null,
        null,
        1,
        1,
        1,
        1,
        null,
        null,
        null,
        null,
        1,
        null,
        1,
        1,
        null,
        null,
        null,
        null,
        null,
        null,
        null,
        null,
        null,
        null,
        null,
        1,
        null,
        null
      ],
      "/Users/sam/Documents/projects/dogejack/config/boot.rb": [
        null,
        1,
        null,
        1
      ],
      "/Users/sam/Documents/projects/dogejack/config/environments/test.rb": [
        1,
        null,
        null,
        null,
        null,
        null,
        null,
        1,
        null,
        null,
        null,
        null,
        1,
        null,
        null,
        1,
        1,
        null,
        null,
        1,
        1,
        null,
        null,
        1,
        null,
        null,
        1,
        null,
        null,
        null,
        null,
        1,
        null,
        null,
        1,
        1,
        null
      ],
      "/Users/sam/Documents/projects/dogejack/config/initializers/backtrace_silencers.rb": [
        null,
        null,
        null,
        null,
        null,
        null,
        null
      ],
      "/Users/sam/Documents/projects/dogejack/config/initializers/devise.rb": [
        null,
        null,
        1,
        null,
        null,
        null,
        1,
        null,
        null,
        null,
        null,
        null,
        null,
        null,
        null,
        1,
        null,
        null,
        null,
        null,
        null,
        null,
        null,
        null,
        null,
        null,
        null,
        null,
        null,
        null,
        null,
        null,
        null,
        null,
        null,
        null,
        null,
        1,
        null,
        null,
        null,
        null,
        1,
        null,
        null,
        null,
        null,
        null,
        null,
        null,
        null,
        null,
        null,
        null,
        null,
        null,
        null,
        null,
        null,
        null,
        null,
        null,
        null,
        null,
        null,
        null,
        null,
        null,
        null,
        null,
        null,
        null,
        null,
        null,
        null,
        null,
        1,
        null,
        null,
        null,
        null,
        null,
        null,
        null,
        null,
        null,
        null,
        null,
        null,
        null,
        null,
        1,
        null,
        null,
        null,
        null,
        null,
        null,
        null,
        null,
        null,
        null,
        null,
        null,
        null,
        null,
        null,
        null,
        null,
        null,
        null,
        null,
        null,
        null,
        null,
        null,
        1,
        null,
        null,
        null,
        null,
        null,
        null,
        null,
        null,
        null,
        null,
        null,
        null,
        null,
        null,
        null,
        null,
        null,
        1,
        null,
        null,
        null,
        null,
        null,
        null,
        null,
        null,
        null,
        null,
        null,
        null,
        null,
        null,
        null,
        null,
        null,
        null,
        null,
        null,
        null,
        null,
        null,
        null,
        null,
        null,
        null,
        null,
        null,
        null,
        null,
        null,
        null,
        null,
        null,
        null,
        null,
        null,
        null,
        null,
        null,
        null,
        null,
        null,
        null,
        1,
        null,
        null,
        null,
        null,
        null,
        null,
        null,
        null,
        null,
        null,
        null,
        null,
        null,
        null,
        null,
        null,
        null,
        null,
        null,
        null,
        null,
        null,
        null,
        null,
        null,
        null,
        null,
        null,
        null,
        null,
        null,
        null,
        null,
        null,
        null,
        null,
        null,
        null,
        null,
        null,
        null,
        1,
        null,
        null,
        null,
        null,
        null,
        null,
        null,
        null,
        null,
        null,
        null,
        null,
        null,
        null,
        null,
        null,
        null,
        null,
        null,
        null,
        null,
        null,
        null,
        null,
        null,
        null,
        null,
        null,
        null
      ],
      "/Users/sam/Documents/projects/dogejack/config/initializers/filter_parameter_logging.rb": [
        null,
        null,
        null,
        1
      ],
      "/Users/sam/Documents/projects/dogejack/config/initializers/inflections.rb": [
        null,
        null,
        null,
        null,
        null,
        null,
        null,
        null,
        null,
        null,
        null,
        null,
        null,
        null,
        null,
        null
      ],
      "/Users/sam/Documents/projects/dogejack/config/initializers/mime_types.rb": [
        null,
        null,
        null,
        null,
        null
      ],
      "/Users/sam/Documents/projects/dogejack/config/initializers/secret_token.rb": [
        null,
        null,
        null,
        null,
        null,
        null,
        null,
        null,
        null,
        null,
        null,
        1
      ],
      "/Users/sam/Documents/projects/dogejack/config/initializers/session_store.rb": [
        null,
        null,
        1
      ],
      "/Users/sam/Documents/projects/dogejack/config/initializers/wrap_parameters.rb": [
        null,
        null,
        null,
        null,
        null,
        null,
        1,
        1,
        null,
        null,
        null,
        null,
        null,
        null
      ],
      "/Users/sam/Documents/projects/dogejack/spec/factories/cards.rb": [
        null,
        null,
        1,
        1,
        1,
        1,
        null,
        null
      ],
      "/Users/sam/Documents/projects/dogejack/spec/factories/decks.rb": [
        1,
        1,
        1,
        null,
        null
      ],
      "/Users/sam/Documents/projects/dogejack/spec/factories/game_sessions.rb": [
        null,
        null,
        1,
        1,
        1,
        null,
        null
      ],
      "/Users/sam/Documents/projects/dogejack/spec/factories/games.rb": [
        1,
        1,
        1,
        1,
        1,
        null,
        null
      ],
      "/Users/sam/Documents/projects/dogejack/spec/factories/users.rb": [
        null,
        null,
        1,
        1,
        31,
        31,
        1,
        null,
        null
      ],
      "/Users/sam/Documents/projects/dogejack/spec/factories/wallets.rb": [
        null,
        null,
        1,
        1,
        1,
        1,
        null,
        null
      ],
      "/Users/sam/Documents/projects/dogejack/config/routes.rb": [
        1,
        1,
        1,
        1,
        1,
        1,
        1,
        null,
        1,
        1,
        1,
        1,
        1,
        1,
        1,
        null,
        null,
        1,
        null,
        null,
        null,
        null,
        null,
        null,
        null,
        null,
        null,
        null,
        null,
        null,
        null,
        null,
        null,
        null,
        null,
        null,
        null,
        null,
        null,
        null,
        null,
        null,
        null,
        null,
        null,
        null,
        null,
        null,
        null,
        null,
        null,
        null,
        null,
        null,
        null,
        null,
        null,
        null,
        null,
        null,
        null,
        null,
        null,
        null,
        null,
        null,
        null,
        null,
        null,
        null,
        null,
        null,
        null
      ],
      "/Users/sam/Documents/projects/dogejack/app/models/user.rb": [
        1,
        1,
        1,
        null,
        null,
        null,
        1,
        null,
        null,
        null,
        1,
        null,
        1,
        1,
        1,
        null,
        1,
        1,
        null,
        1,
        0,
        null,
        null,
        1,
        0,
        null,
        null,
        1,
        0,
        null,
        null,
        1,
        0,
        null,
        null,
        1,
        0,
        0,
        0,
        null,
        0,
        null,
        null,
        null,
        1,
        null,
        1,
        30,
        null,
        null
      ],
      "/Users/sam/Documents/projects/dogejack/app/helpers/application_helper.rb": [
        1,
        null
      ],
      "/Users/sam/Documents/projects/dogejack/lib/seeders/cards.rb": [
        1,
        1,
        1,
        1,
        12,
        48,
        624,
        null,
        null,
        null,
        null,
        1,
        1,
        null,
        null,
        null
      ],
      "/Users/sam/Documents/projects/dogejack/spec/models/card_spec.rb": [
        1,
        null,
        1,
        2,
        null
      ],
      "/Users/sam/Documents/projects/dogejack/app/models/card.rb": [
        1,
        1,
        1,
        null
      ],
      "/Users/sam/Documents/projects/dogejack/spec/models/deck_card_spec.rb": [
        1,
        null,
        1,
        2,
        2,
        null
      ],
      "/Users/sam/Documents/projects/dogejack/app/models/deck_card.rb": [
        1,
        1,
        1,
        null
      ],
      "/Users/sam/Documents/projects/dogejack/spec/models/deck_spec.rb": [
        1,
        null,
        1,
        2,
        null,
        1,
        1,
        1,
        1,
        null,
        null
      ],
      "/Users/sam/Documents/projects/dogejack/app/models/deck.rb": [
        1,
        1,
        1,
        null,
        1,
        1,
        null,
        1,
        0,
        null,
        null,
        1,
        0,
        null,
        null,
        1,
        1,
        91,
        2860,
        null,
        null,
        null
      ],
      "/Users/sam/Documents/projects/dogejack/spec/models/game_session_spec.rb": [
        1,
        null,
        1,
        2,
        2,
        2,
        2,
        null
      ],
      "/Users/sam/Documents/projects/dogejack/app/models/game_session.rb": [
        1,
        1,
        1,
        1,
        1,
        null,
        1,
        null,
        1,
        null,
        1,
        0,
        null,
        null,
        1,
        15,
        90,
        null,
        null,
        null,
        1,
        70,
        10,
        10,
        10,
        null,
        null,
        1,
        0,
        null,
        null,
        1,
        0,
        0,
        0,
        null,
        0,
        null,
        null,
        null
      ],
      "/Users/sam/Documents/projects/dogejack/spec/models/game_spec.rb": [
        1,
        null,
        1,
        2,
        2,
        null,
        15,
        9,
        null,
        1,
        1,
        1,
        1,
        1,
        null,
        null,
        1,
        1,
        null,
        null,
        1,
        1,
        1,
        57,
        57,
        1,
        null,
        null,
        1,
        1,
        1,
        1,
        1,
        null,
        null,
        null,
        1,
        1,
        2,
        1,
        1,
        null,
        null,
        1,
        2,
        1,
        1,
        null,
        null,
        1,
        3,
        3,
        1,
        1,
        null,
        null,
        1,
        4,
        4,
        1,
        1,
        null,
        null,
        1,
        4,
        4,
        1,
        1,
        null,
        null,
        null,
        1,
        1,
        2,
        114,
        2,
        2,
        null,
        null,
        1,
        1,
        null,
        null,
        1,
        1,
        null,
        null,
        null,
        1,
        1,
        1,
        1,
        1,
        1,
        null,
        null,
        1,
        1,
        1,
        3,
        1,
        1,
        null,
        null,
        null,
        1,
        1,
        2,
        114,
        2,
        null,
        null,
        1,
        1,
        1,
        1,
        1,
        1,
        null,
        null,
        1,
        1,
        1,
        1,
        1,
        null,
        null,
        null
      ],
      "/Users/sam/Documents/projects/dogejack/app/models/game.rb": [
        1,
        1,
        1,
        1,
        null,
        1,
        1,
        1,
        null,
        1,
        1,
        null,
        1,
        1,
        null,
        1,
        1,
        null,
        null,
        null,
        1,
        4,
        2,
        null,
        2,
        null,
        null,
        null,
        1,
        0,
        null,
        null,
        1,
        3,
        1,
        null,
        null,
        1,
        1,
        null,
        null,
        1,
        5,
        null,
        null,
        1,
        1,
        null,
        null,
        1,
        3,
        3,
        3,
        3,
        null,
        0,
        null,
        null,
        null,
        1,
        0,
        null,
        null,
        1,
        0,
        0,
        0,
        0,
        null,
        null,
        null,
        1,
        6,
        2,
        null,
        1,
        null,
        1,
        null,
        1,
        null,
        1,
        null,
        6,
        6,
        null,
        null,
        1,
        0,
        0,
        0,
        0,
        0,
        0,
        null,
        0,
        null,
        null,
        null,
        1,
        null,
        1,
        2,
        2,
        2,
        2,
        2,
        2,
        2,
        null,
        null,
        1,
        12,
        null,
        null,
        1,
        0,
        null,
        null,
        1,
        0,
        null,
        null,
        1,
        6,
        6,
        2,
        1,
        null,
        null,
        null,
        1,
        7,
        19,
        12,
        4,
        2,
        6,
        null,
        null,
        7,
        7,
        12,
        1,
        null,
        11,
        null,
        null,
        7,
        null,
        null,
        1,
        13,
        null,
        null,
        1,
        0,
        null,
        null,
        1,
        0,
        null,
        null,
        1,
        0,
        null,
        null,
        1,
        0,
        null,
        null,
        1,
        10,
        10,
        7,
        7,
        3,
        2,
        2,
        1,
        1,
        1,
        null,
        null,
        null,
        1,
        42,
        null,
        null,
        null
      ],
      "/Users/sam/Documents/projects/dogejack/spec/models/user_spec.rb": [
        1,
        null,
        1,
        2,
        2,
        2,
        null,
        1,
        1,
        1,
        1,
        1,
        1,
        null,
        null,
        null
      ],
      "/Users/sam/Documents/projects/dogejack/spec/models/wallet_spec.rb": [
        1,
        null,
        1,
        2,
        2,
        2,
        2,
        null
      ],
      "/Users/sam/Documents/projects/dogejack/app/models/wallet.rb": [
        1,
        1,
        1,
        1,
        null
      ]
    },
    "timestamp": 1389983000
  }
}
